INFO  2015-05-18 14:55:09,203 [main] org.mule.module.launcher.domain.DefaultMuleDomain: 
++++++++++++++++++++++++++++++++++++++++++++++++++++++++++++
+ New domain 'mule-spk-3-domains'                          +
++++++++++++++++++++++++++++++++++++++++++++++++++++++++++++
INFO  2015-05-18 14:55:09,203 [main] org.mule.module.launcher.domain.DefaultMuleDomain: 
++++++++++++++++++++++++++++++++++++++++++++++++++++++++++++
+ Initializing domain 'mule-spk-3-domains'                 +
++++++++++++++++++++++++++++++++++++++++++++++++++++++++++++
INFO  2015-05-18 14:55:10,298 [main] org.mule.lifecycle.AbstractLifecycleManager: Initialising RegistryBroker
INFO  2015-05-18 14:55:11,016 [main] org.mule.config.spring.MuleDomainContext: Refreshing org.mule.config.spring.MuleDomainContext@58443af6: startup date [Mon May 18 14:55:11 CEST 2015]; root of context hierarchy
WARN  2015-05-18 14:55:15,267 [main] org.mule.config.spring.parsers.generic.MuleOrphanDefinitionParser: Schema warning: Use of element <connector> is deprecated.  HTTP transport is deprecated and will be removed in Mule 4.0. Use HTTP module instead..
INFO  2015-05-18 14:55:17,492 [main] org.mule.util.journal.TransactionJournal: Using files for tx logs C:\Users\usuario\mulesoft\workspace\mule-spk-1\.\.mule\mule-spk-3-domains\queue-tx-log\tx1.log and C:\Users\usuario\mulesoft\workspace\mule-spk-1\.\.mule\mule-spk-3-domains\queue-tx-log\tx2.log
INFO  2015-05-18 14:55:17,508 [main] org.mule.util.journal.TransactionJournal: Using files for tx logs C:\Users\usuario\mulesoft\workspace\mule-spk-1\.\.mule\mule-spk-3-domains\queue-xa-tx-log\tx1.log and C:\Users\usuario\mulesoft\workspace\mule-spk-1\.\.mule\mule-spk-3-domains\queue-xa-tx-log\tx2.log
WARN  2015-05-18 14:55:17,620 [main] org.mule.transport.http.HttpConnector: HTTP transport is deprecated and will be removed in Mule 4.0. Use HTTP module instead.
INFO  2015-05-18 14:55:17,660 [main] org.mule.lifecycle.AbstractLifecycleManager: Initialising connector: HTTP_HTTPS
INFO  2015-05-18 14:55:17,769 [main] org.mule.config.spring.SpringXmlDomainConfigurationBuilder: Configured Mule using "org.mule.config.spring.SpringXmlDomainConfigurationBuilder" with configuration resource(s): "[ConfigResource{resourceName='mule-domain-config.xml'}]"
INFO  2015-05-18 14:55:17,785 [main] org.mule.util.queue.QueueXaResourceManager: Starting ResourceManager
INFO  2015-05-18 14:55:17,785 [main] org.mule.util.queue.QueueXaResourceManager: Started ResourceManager
INFO  2015-05-18 14:55:17,832 [main] org.mule.transport.http.HttpConnector: Connected: HttpConnector
{
  name=HTTP_HTTPS
  lifecycle=initialise
  this=14f9a9d0
  numberOfConcurrentTransactedReceivers=4
  createMultipleTransactedReceivers=true
  connected=true
  supportedProtocols=[http]
  serviceOverrides=<none>
}

INFO  2015-05-18 14:55:17,832 [main] org.mule.transport.http.HttpConnector: Starting: HttpConnector
{
  name=HTTP_HTTPS
  lifecycle=initialise
  this=14f9a9d0
  numberOfConcurrentTransactedReceivers=4
  createMultipleTransactedReceivers=true
  connected=true
  supportedProtocols=[http]
  serviceOverrides=<none>
}

INFO  2015-05-18 14:55:17,832 [main] org.mule.lifecycle.AbstractLifecycleManager: Starting connector: HTTP_HTTPS
INFO  2015-05-18 14:55:17,848 [main] org.mule.module.management.agent.WrapperManagerAgent: This JVM hasn't been launched by the wrapper, the agent will not run.
INFO  2015-05-18 14:55:17,910 [main] org.mule.module.management.agent.AbstractJmxAgent: Registered Connector Service with name Mule.mule-spk-3-domains:type=Connector,name="HTTP.HTTPS"
INFO  2015-05-18 14:55:17,926 [main] org.mule.DefaultMuleContext: 
**********************************************************************
* Mule ESB and Integration Platform                                  *
* Version: 3.6.1 Build: 0758df2b                                     *
* MuleSoft, Inc.                                                     *
* For more information go to                                         *
* http://www.mulesoft.com/mule-esb-enterprise                        *
*                                                                    *
* Server started: 18/05/15 14:55                                     *
* Server ID: mule-spk-3-domains                                      *
* JDK: 1.7.0_79 (mixed mode)                                         *
* OS encoding: Cp1252, Mule encoding: UTF-8                          *
* OS: Windows 7 - Service Pack 1 (6.1, amd64)                        *
* Host: FORMACION-12 (10.134.134.142)                                *
*                                                                    *
* Agents Running:                                                    *
*   JMX Agent                                                        *
**********************************************************************
INFO  2015-05-18 14:56:00,983 [main] org.mule.module.launcher.domain.DefaultMuleDomain: 
++++++++++++++++++++++++++++++++++++++++++++++++++++++++++++
+ New domain 'mule-spk-3-domains'                          +
++++++++++++++++++++++++++++++++++++++++++++++++++++++++++++
INFO  2015-05-18 14:56:00,985 [main] org.mule.module.launcher.domain.DefaultMuleDomain: 
++++++++++++++++++++++++++++++++++++++++++++++++++++++++++++
+ Initializing domain 'mule-spk-3-domains'                 +
++++++++++++++++++++++++++++++++++++++++++++++++++++++++++++
INFO  2015-05-18 14:56:01,976 [main] org.mule.lifecycle.AbstractLifecycleManager: Initialising RegistryBroker
INFO  2015-05-18 14:56:02,543 [main] org.mule.config.spring.MuleDomainContext: Refreshing org.mule.config.spring.MuleDomainContext@6edd2f59: startup date [Mon May 18 14:56:02 CEST 2015]; root of context hierarchy
WARN  2015-05-18 14:56:06,721 [main] org.mule.config.spring.parsers.generic.MuleOrphanDefinitionParser: Schema warning: Use of element <connector> is deprecated.  HTTP transport is deprecated and will be removed in Mule 4.0. Use HTTP module instead..
INFO  2015-05-18 14:56:08,691 [main] org.mule.util.journal.TransactionJournal: Using files for tx logs C:\Users\usuario\mulesoft\workspace\mule-spk-1\.\.mule\mule-spk-3-domains\queue-tx-log\tx1.log and C:\Users\usuario\mulesoft\workspace\mule-spk-1\.\.mule\mule-spk-3-domains\queue-tx-log\tx2.log
INFO  2015-05-18 14:56:08,755 [main] org.mule.util.journal.TransactionJournal: Using files for tx logs C:\Users\usuario\mulesoft\workspace\mule-spk-1\.\.mule\mule-spk-3-domains\queue-xa-tx-log\tx1.log and C:\Users\usuario\mulesoft\workspace\mule-spk-1\.\.mule\mule-spk-3-domains\queue-xa-tx-log\tx2.log
WARN  2015-05-18 14:56:08,895 [main] org.mule.transport.http.HttpConnector: HTTP transport is deprecated and will be removed in Mule 4.0. Use HTTP module instead.
INFO  2015-05-18 14:56:08,958 [main] org.mule.lifecycle.AbstractLifecycleManager: Initialising connector: HTTP_HTTPS
INFO  2015-05-18 14:56:09,192 [main] org.mule.config.spring.SpringXmlDomainConfigurationBuilder: Configured Mule using "org.mule.config.spring.SpringXmlDomainConfigurationBuilder" with configuration resource(s): "[ConfigResource{resourceName='mule-domain-config.xml'}]"
INFO  2015-05-18 14:56:09,208 [main] org.mule.util.queue.QueueXaResourceManager: Starting ResourceManager
INFO  2015-05-18 14:56:09,208 [main] org.mule.util.queue.QueueXaResourceManager: Started ResourceManager
INFO  2015-05-18 14:56:09,239 [main] org.mule.transport.http.HttpConnector: Connected: HttpConnector
{
  name=HTTP_HTTPS
  lifecycle=initialise
  this=2fd36711
  numberOfConcurrentTransactedReceivers=4
  createMultipleTransactedReceivers=true
  connected=true
  supportedProtocols=[http]
  serviceOverrides=<none>
}

INFO  2015-05-18 14:56:09,239 [main] org.mule.transport.http.HttpConnector: Starting: HttpConnector
{
  name=HTTP_HTTPS
  lifecycle=initialise
  this=2fd36711
  numberOfConcurrentTransactedReceivers=4
  createMultipleTransactedReceivers=true
  connected=true
  supportedProtocols=[http]
  serviceOverrides=<none>
}

INFO  2015-05-18 14:56:09,239 [main] org.mule.lifecycle.AbstractLifecycleManager: Starting connector: HTTP_HTTPS
INFO  2015-05-18 14:56:09,255 [main] org.mule.module.management.agent.WrapperManagerAgent: This JVM hasn't been launched by the wrapper, the agent will not run.
INFO  2015-05-18 14:56:09,270 [main] org.mule.module.management.agent.AbstractJmxAgent: Registered Connector Service with name Mule.mule-spk-3-domains:type=Connector,name="HTTP.HTTPS"
INFO  2015-05-18 14:56:09,286 [main] org.mule.DefaultMuleContext: 
**********************************************************************
* Mule ESB and Integration Platform                                  *
* Version: 3.6.1 Build: 0758df2b                                     *
* MuleSoft, Inc.                                                     *
* For more information go to                                         *
* http://www.mulesoft.com/mule-esb-enterprise                        *
*                                                                    *
* Server started: 18/05/15 14:56                                     *
* Server ID: mule-spk-3-domains                                      *
* JDK: 1.7.0_79 (mixed mode)                                         *
* OS encoding: Cp1252, Mule encoding: UTF-8                          *
* OS: Windows 7 - Service Pack 1 (6.1, amd64)                        *
* Host: FORMACION-12 (10.134.134.142)                                *
*                                                                    *
* Agents Running:                                                    *
*   JMX Agent                                                        *
**********************************************************************
ERROR 2015-05-18 15:25:58,606 [http.request.dispatch.8081.02] org.mule.exception.DefaultSystemExceptionStrategy: Caught exception in Exception Strategy: Read timed out
java.net.SocketTimeoutException: Read timed out
	at java.net.SocketInputStream.socketRead0(Native Method) ~[?:1.7.0_79]
	at java.net.SocketInputStream.read(SocketInputStream.java:152) ~[?:1.7.0_79]
	at java.net.SocketInputStream.read(SocketInputStream.java:122) ~[?:1.7.0_79]
	at java.io.BufferedInputStream.fill(BufferedInputStream.java:235) ~[?:1.7.0_79]
	at java.io.BufferedInputStream.read(BufferedInputStream.java:254) ~[?:1.7.0_79]
	at org.apache.commons.httpclient.HttpParser.readRawLine(HttpParser.java:78) ~[commons-httpclient-3.1.jar:?]
	at org.apache.commons.httpclient.HttpParser.readLine(HttpParser.java:106) ~[commons-httpclient-3.1.jar:?]
	at org.mule.transport.http.HttpServerConnection.readLine(HttpServerConnection.java:245) ~[mule-transport-http-3.6.1.jar:3.6.1]
	at org.mule.transport.http.HttpServerConnection.getRequestLine(HttpServerConnection.java:557) ~[mule-transport-http-3.6.1.jar:3.6.1]
	at org.mule.transport.http.HttpRequestDispatcherWork.run(HttpRequestDispatcherWork.java:67) ~[mule-transport-http-3.6.1.jar:3.6.1]
	at java.util.concurrent.ThreadPoolExecutor.runWorker(ThreadPoolExecutor.java:1145) [?:1.7.0_79]
	at java.util.concurrent.ThreadPoolExecutor$Worker.run(ThreadPoolExecutor.java:615) [?:1.7.0_79]
	at java.lang.Thread.run(Thread.java:745) [?:1.7.0_79]
ERROR 2015-05-18 15:26:39,679 [http.request.dispatch.8081.01] org.mule.exception.DefaultSystemExceptionStrategy: Caught exception in Exception Strategy: Read timed out
java.net.SocketTimeoutException: Read timed out
	at java.net.SocketInputStream.socketRead0(Native Method) ~[?:1.7.0_79]
	at java.net.SocketInputStream.read(SocketInputStream.java:152) ~[?:1.7.0_79]
	at java.net.SocketInputStream.read(SocketInputStream.java:122) ~[?:1.7.0_79]
	at java.io.BufferedInputStream.fill(BufferedInputStream.java:235) ~[?:1.7.0_79]
	at java.io.BufferedInputStream.read(BufferedInputStream.java:254) ~[?:1.7.0_79]
	at org.apache.commons.httpclient.HttpParser.readRawLine(HttpParser.java:78) ~[commons-httpclient-3.1.jar:?]
	at org.apache.commons.httpclient.HttpParser.readLine(HttpParser.java:106) ~[commons-httpclient-3.1.jar:?]
	at org.mule.transport.http.HttpServerConnection.readLine(HttpServerConnection.java:245) ~[mule-transport-http-3.6.1.jar:3.6.1]
	at org.mule.transport.http.HttpServerConnection.getRequestLine(HttpServerConnection.java:557) ~[mule-transport-http-3.6.1.jar:3.6.1]
	at org.mule.transport.http.HttpRequestDispatcherWork.run(HttpRequestDispatcherWork.java:67) ~[mule-transport-http-3.6.1.jar:3.6.1]
	at java.util.concurrent.ThreadPoolExecutor.runWorker(ThreadPoolExecutor.java:1145) [?:1.7.0_79]
	at java.util.concurrent.ThreadPoolExecutor$Worker.run(ThreadPoolExecutor.java:615) [?:1.7.0_79]
	at java.lang.Thread.run(Thread.java:745) [?:1.7.0_79]
ERROR 2015-05-18 15:28:09,347 [http.request.dispatch.8081.03] org.mule.exception.DefaultSystemExceptionStrategy: Caught exception in Exception Strategy: Read timed out
java.net.SocketTimeoutException: Read timed out
	at java.net.SocketInputStream.socketRead0(Native Method) ~[?:1.7.0_79]
	at java.net.SocketInputStream.read(SocketInputStream.java:152) ~[?:1.7.0_79]
	at java.net.SocketInputStream.read(SocketInputStream.java:122) ~[?:1.7.0_79]
	at java.io.BufferedInputStream.fill(BufferedInputStream.java:235) ~[?:1.7.0_79]
	at java.io.BufferedInputStream.read(BufferedInputStream.java:254) ~[?:1.7.0_79]
	at org.apache.commons.httpclient.HttpParser.readRawLine(HttpParser.java:78) ~[commons-httpclient-3.1.jar:?]
	at org.apache.commons.httpclient.HttpParser.readLine(HttpParser.java:106) ~[commons-httpclient-3.1.jar:?]
	at org.mule.transport.http.HttpServerConnection.readLine(HttpServerConnection.java:245) ~[mule-transport-http-3.6.1.jar:3.6.1]
	at org.mule.transport.http.HttpServerConnection.getRequestLine(HttpServerConnection.java:557) ~[mule-transport-http-3.6.1.jar:3.6.1]
	at org.mule.transport.http.HttpRequestDispatcherWork.run(HttpRequestDispatcherWork.java:67) ~[mule-transport-http-3.6.1.jar:3.6.1]
	at java.util.concurrent.ThreadPoolExecutor.runWorker(ThreadPoolExecutor.java:1145) [?:1.7.0_79]
	at java.util.concurrent.ThreadPoolExecutor$Worker.run(ThreadPoolExecutor.java:615) [?:1.7.0_79]
	at java.lang.Thread.run(Thread.java:745) [?:1.7.0_79]
ERROR 2015-05-18 15:30:23,288 [http.request.dispatch.8081.04] org.mule.exception.DefaultSystemExceptionStrategy: Caught exception in Exception Strategy: Read timed out
java.net.SocketTimeoutException: Read timed out
	at java.net.SocketInputStream.socketRead0(Native Method) ~[?:1.7.0_79]
	at java.net.SocketInputStream.read(SocketInputStream.java:152) ~[?:1.7.0_79]
	at java.net.SocketInputStream.read(SocketInputStream.java:122) ~[?:1.7.0_79]
	at java.io.BufferedInputStream.fill(BufferedInputStream.java:235) ~[?:1.7.0_79]
	at java.io.BufferedInputStream.read(BufferedInputStream.java:254) ~[?:1.7.0_79]
	at org.apache.commons.httpclient.HttpParser.readRawLine(HttpParser.java:78) ~[commons-httpclient-3.1.jar:?]
	at org.apache.commons.httpclient.HttpParser.readLine(HttpParser.java:106) ~[commons-httpclient-3.1.jar:?]
	at org.mule.transport.http.HttpServerConnection.readLine(HttpServerConnection.java:245) ~[mule-transport-http-3.6.1.jar:3.6.1]
	at org.mule.transport.http.HttpServerConnection.getRequestLine(HttpServerConnection.java:557) ~[mule-transport-http-3.6.1.jar:3.6.1]
	at org.mule.transport.http.HttpRequestDispatcherWork.run(HttpRequestDispatcherWork.java:67) ~[mule-transport-http-3.6.1.jar:3.6.1]
	at java.util.concurrent.ThreadPoolExecutor.runWorker(ThreadPoolExecutor.java:1145) [?:1.7.0_79]
	at java.util.concurrent.ThreadPoolExecutor$Worker.run(ThreadPoolExecutor.java:615) [?:1.7.0_79]
	at java.lang.Thread.run(Thread.java:745) [?:1.7.0_79]
ERROR 2015-05-18 15:31:35,763 [http.request.dispatch.8081.05] org.mule.exception.DefaultSystemExceptionStrategy: Caught exception in Exception Strategy: Read timed out
java.net.SocketTimeoutException: Read timed out
	at java.net.SocketInputStream.socketRead0(Native Method) ~[?:1.7.0_79]
	at java.net.SocketInputStream.read(SocketInputStream.java:152) ~[?:1.7.0_79]
	at java.net.SocketInputStream.read(SocketInputStream.java:122) ~[?:1.7.0_79]
	at java.io.BufferedInputStream.fill(BufferedInputStream.java:235) ~[?:1.7.0_79]
	at java.io.BufferedInputStream.read(BufferedInputStream.java:254) ~[?:1.7.0_79]
	at org.apache.commons.httpclient.HttpParser.readRawLine(HttpParser.java:78) ~[commons-httpclient-3.1.jar:?]
	at org.apache.commons.httpclient.HttpParser.readLine(HttpParser.java:106) ~[commons-httpclient-3.1.jar:?]
	at org.mule.transport.http.HttpServerConnection.readLine(HttpServerConnection.java:245) ~[mule-transport-http-3.6.1.jar:3.6.1]
	at org.mule.transport.http.HttpServerConnection.getRequestLine(HttpServerConnection.java:557) ~[mule-transport-http-3.6.1.jar:3.6.1]
	at org.mule.transport.http.HttpRequestDispatcherWork.run(HttpRequestDispatcherWork.java:67) ~[mule-transport-http-3.6.1.jar:3.6.1]
	at java.util.concurrent.ThreadPoolExecutor.runWorker(ThreadPoolExecutor.java:1145) [?:1.7.0_79]
	at java.util.concurrent.ThreadPoolExecutor$Worker.run(ThreadPoolExecutor.java:615) [?:1.7.0_79]
	at java.lang.Thread.run(Thread.java:745) [?:1.7.0_79]
ERROR 2015-05-18 15:33:35,038 [http.request.dispatch.8081.06] org.mule.exception.DefaultSystemExceptionStrategy: Caught exception in Exception Strategy: Read timed out
java.net.SocketTimeoutException: Read timed out
	at java.net.SocketInputStream.socketRead0(Native Method) ~[?:1.7.0_79]
	at java.net.SocketInputStream.read(SocketInputStream.java:152) ~[?:1.7.0_79]
	at java.net.SocketInputStream.read(SocketInputStream.java:122) ~[?:1.7.0_79]
	at java.io.BufferedInputStream.fill(BufferedInputStream.java:235) ~[?:1.7.0_79]
	at java.io.BufferedInputStream.read(BufferedInputStream.java:254) ~[?:1.7.0_79]
	at org.apache.commons.httpclient.HttpParser.readRawLine(HttpParser.java:78) ~[commons-httpclient-3.1.jar:?]
	at org.apache.commons.httpclient.HttpParser.readLine(HttpParser.java:106) ~[commons-httpclient-3.1.jar:?]
	at org.mule.transport.http.HttpServerConnection.readLine(HttpServerConnection.java:245) ~[mule-transport-http-3.6.1.jar:3.6.1]
	at org.mule.transport.http.HttpServerConnection.getRequestLine(HttpServerConnection.java:557) ~[mule-transport-http-3.6.1.jar:3.6.1]
	at org.mule.transport.http.HttpRequestDispatcherWork.run(HttpRequestDispatcherWork.java:67) ~[mule-transport-http-3.6.1.jar:3.6.1]
	at java.util.concurrent.ThreadPoolExecutor.runWorker(ThreadPoolExecutor.java:1145) [?:1.7.0_79]
	at java.util.concurrent.ThreadPoolExecutor$Worker.run(ThreadPoolExecutor.java:615) [?:1.7.0_79]
	at java.lang.Thread.run(Thread.java:745) [?:1.7.0_79]
INFO  2015-05-18 15:35:11,073 [main] org.mule.module.launcher.domain.DefaultMuleDomain: 
++++++++++++++++++++++++++++++++++++++++++++++++++++++++++++
+ New domain 'mule-spk-3-domains'                          +
++++++++++++++++++++++++++++++++++++++++++++++++++++++++++++
INFO  2015-05-18 15:35:11,073 [main] org.mule.module.launcher.domain.DefaultMuleDomain: 
++++++++++++++++++++++++++++++++++++++++++++++++++++++++++++
+ Initializing domain 'mule-spk-3-domains'                 +
++++++++++++++++++++++++++++++++++++++++++++++++++++++++++++
INFO  2015-05-18 15:35:12,340 [main] org.mule.lifecycle.AbstractLifecycleManager: Initialising RegistryBroker
INFO  2015-05-18 15:35:12,934 [main] org.mule.config.spring.MuleDomainContext: Refreshing org.mule.config.spring.MuleDomainContext@54889003: startup date [Mon May 18 15:35:12 CEST 2015]; root of context hierarchy
WARN  2015-05-18 15:35:16,091 [main] org.mule.config.spring.parsers.generic.MuleOrphanDefinitionParser: Schema warning: Use of element <connector> is deprecated.  HTTP transport is deprecated and will be removed in Mule 4.0. Use HTTP module instead..
INFO  2015-05-18 15:35:17,922 [main] org.mule.util.journal.TransactionJournal: Using files for tx logs C:\Users\usuario\mulesoft\workspace\mule-spk-1\.\.mule\mule-spk-3-domains\queue-tx-log\tx1.log and C:\Users\usuario\mulesoft\workspace\mule-spk-1\.\.mule\mule-spk-3-domains\queue-tx-log\tx2.log
INFO  2015-05-18 15:35:17,954 [main] org.mule.util.journal.TransactionJournal: Using files for tx logs C:\Users\usuario\mulesoft\workspace\mule-spk-1\.\.mule\mule-spk-3-domains\queue-xa-tx-log\tx1.log and C:\Users\usuario\mulesoft\workspace\mule-spk-1\.\.mule\mule-spk-3-domains\queue-xa-tx-log\tx2.log
WARN  2015-05-18 15:35:18,063 [main] org.mule.transport.http.HttpConnector: HTTP transport is deprecated and will be removed in Mule 4.0. Use HTTP module instead.
INFO  2015-05-18 15:35:18,110 [main] org.mule.lifecycle.AbstractLifecycleManager: Initialising connector: HTTP_HTTPS
INFO  2015-05-18 15:35:18,220 [main] org.mule.config.spring.SpringXmlDomainConfigurationBuilder: Configured Mule using "org.mule.config.spring.SpringXmlDomainConfigurationBuilder" with configuration resource(s): "[ConfigResource{resourceName='mule-domain-config.xml'}]"
INFO  2015-05-18 15:35:18,235 [main] org.mule.util.queue.QueueXaResourceManager: Starting ResourceManager
INFO  2015-05-18 15:35:18,235 [main] org.mule.util.queue.QueueXaResourceManager: Started ResourceManager
INFO  2015-05-18 15:35:18,266 [main] org.mule.transport.http.HttpConnector: Connected: HttpConnector
{
  name=HTTP_HTTPS
  lifecycle=initialise
  this=41c340ca
  numberOfConcurrentTransactedReceivers=4
  createMultipleTransactedReceivers=true
  connected=true
  supportedProtocols=[http]
  serviceOverrides=<none>
}

INFO  2015-05-18 15:35:18,266 [main] org.mule.transport.http.HttpConnector: Starting: HttpConnector
{
  name=HTTP_HTTPS
  lifecycle=initialise
  this=41c340ca
  numberOfConcurrentTransactedReceivers=4
  createMultipleTransactedReceivers=true
  connected=true
  supportedProtocols=[http]
  serviceOverrides=<none>
}

INFO  2015-05-18 15:35:18,266 [main] org.mule.lifecycle.AbstractLifecycleManager: Starting connector: HTTP_HTTPS
INFO  2015-05-18 15:35:18,282 [main] org.mule.module.management.agent.WrapperManagerAgent: This JVM hasn't been launched by the wrapper, the agent will not run.
INFO  2015-05-18 15:35:18,376 [main] org.mule.module.management.agent.AbstractJmxAgent: Registered Connector Service with name Mule.mule-spk-3-domains:type=Connector,name="HTTP.HTTPS"
INFO  2015-05-18 15:35:18,376 [main] org.mule.DefaultMuleContext: 
**********************************************************************
* Mule ESB and Integration Platform                                  *
* Version: 3.6.1 Build: 0758df2b                                     *
* MuleSoft, Inc.                                                     *
* For more information go to                                         *
* http://www.mulesoft.com/mule-esb-enterprise                        *
*                                                                    *
* Server started: 18/05/15 15:35                                     *
* Server ID: mule-spk-3-domains                                      *
* JDK: 1.7.0_79 (mixed mode)                                         *
* OS encoding: Cp1252, Mule encoding: UTF-8                          *
* OS: Windows 7 - Service Pack 1 (6.1, amd64)                        *
* Host: FORMACION-12 (10.134.134.142)                                *
*                                                                    *
* Agents Running:                                                    *
*   JMX Agent                                                        *
**********************************************************************
ERROR 2015-05-18 15:35:47,732 [http.request.dispatch.8081.02] org.mule.exception.DefaultSystemExceptionStrategy: Caught exception in Exception Strategy: Read timed out
java.net.SocketTimeoutException: Read timed out
	at java.net.SocketInputStream.socketRead0(Native Method) ~[?:1.7.0_79]
	at java.net.SocketInputStream.read(SocketInputStream.java:152) ~[?:1.7.0_79]
	at java.net.SocketInputStream.read(SocketInputStream.java:122) ~[?:1.7.0_79]
	at java.io.BufferedInputStream.fill(BufferedInputStream.java:235) ~[?:1.7.0_79]
	at java.io.BufferedInputStream.read(BufferedInputStream.java:254) ~[?:1.7.0_79]
	at org.apache.commons.httpclient.HttpParser.readRawLine(HttpParser.java:78) ~[commons-httpclient-3.1.jar:?]
	at org.apache.commons.httpclient.HttpParser.readLine(HttpParser.java:106) ~[commons-httpclient-3.1.jar:?]
	at org.mule.transport.http.HttpServerConnection.readLine(HttpServerConnection.java:245) ~[mule-transport-http-3.6.1.jar:3.6.1]
	at org.mule.transport.http.HttpServerConnection.getRequestLine(HttpServerConnection.java:557) ~[mule-transport-http-3.6.1.jar:3.6.1]
	at org.mule.transport.http.HttpRequestDispatcherWork.run(HttpRequestDispatcherWork.java:67) ~[mule-transport-http-3.6.1.jar:3.6.1]
	at java.util.concurrent.ThreadPoolExecutor.runWorker(ThreadPoolExecutor.java:1145) [?:1.7.0_79]
	at java.util.concurrent.ThreadPoolExecutor$Worker.run(ThreadPoolExecutor.java:615) [?:1.7.0_79]
	at java.lang.Thread.run(Thread.java:745) [?:1.7.0_79]
WARN  2015-05-18 15:36:30,216 [http.request.dispatch.8081.02] org.mule.transport.http.HttpConnector: No receiver found on secondary lookup of receiver on connector: HTTP_HTTPS with URI key: http://localhost:8081/test1.
WARN  2015-05-18 15:36:30,363 [http.request.dispatch.8081.02] org.mule.transport.http.HttpConnector: Receivers on connector are: {
http://localhost:8081/test2=HttpMessageReceiver{this=3f65bc68, receiverKey=http://localhost:8081/test2, endpoint=http://localhost:8081/test2}
}
ERROR 2015-05-18 15:36:40,269 [http.request.dispatch.8081.01] org.mule.exception.DefaultSystemExceptionStrategy: Caught exception in Exception Strategy: Read timed out
java.net.SocketTimeoutException: Read timed out
	at java.net.SocketInputStream.socketRead0(Native Method) ~[?:1.7.0_79]
	at java.net.SocketInputStream.read(SocketInputStream.java:152) ~[?:1.7.0_79]
	at java.net.SocketInputStream.read(SocketInputStream.java:122) ~[?:1.7.0_79]
	at java.io.BufferedInputStream.fill(BufferedInputStream.java:235) ~[?:1.7.0_79]
	at java.io.BufferedInputStream.read(BufferedInputStream.java:254) ~[?:1.7.0_79]
	at org.apache.commons.httpclient.HttpParser.readRawLine(HttpParser.java:78) ~[commons-httpclient-3.1.jar:?]
	at org.apache.commons.httpclient.HttpParser.readLine(HttpParser.java:106) ~[commons-httpclient-3.1.jar:?]
	at org.mule.transport.http.HttpServerConnection.readLine(HttpServerConnection.java:245) ~[mule-transport-http-3.6.1.jar:3.6.1]
	at org.mule.transport.http.HttpServerConnection.getRequestLine(HttpServerConnection.java:557) ~[mule-transport-http-3.6.1.jar:3.6.1]
	at org.mule.transport.http.HttpRequestDispatcherWork.run(HttpRequestDispatcherWork.java:67) ~[mule-transport-http-3.6.1.jar:3.6.1]
	at java.util.concurrent.ThreadPoolExecutor.runWorker(ThreadPoolExecutor.java:1145) [?:1.7.0_79]
	at java.util.concurrent.ThreadPoolExecutor$Worker.run(ThreadPoolExecutor.java:615) [?:1.7.0_79]
	at java.lang.Thread.run(Thread.java:745) [?:1.7.0_79]
ERROR 2015-05-18 15:37:16,934 [http.request.dispatch.8081.01] org.mule.exception.DefaultSystemExceptionStrategy: Caught exception in Exception Strategy: Read timed out
java.net.SocketTimeoutException: Read timed out
	at java.net.SocketInputStream.socketRead0(Native Method) ~[?:1.7.0_79]
	at java.net.SocketInputStream.read(SocketInputStream.java:152) ~[?:1.7.0_79]
	at java.net.SocketInputStream.read(SocketInputStream.java:122) ~[?:1.7.0_79]
	at java.io.BufferedInputStream.fill(BufferedInputStream.java:235) ~[?:1.7.0_79]
	at java.io.BufferedInputStream.read(BufferedInputStream.java:254) ~[?:1.7.0_79]
	at org.apache.commons.httpclient.HttpParser.readRawLine(HttpParser.java:78) ~[commons-httpclient-3.1.jar:?]
	at org.apache.commons.httpclient.HttpParser.readLine(HttpParser.java:106) ~[commons-httpclient-3.1.jar:?]
	at org.mule.transport.http.HttpServerConnection.readLine(HttpServerConnection.java:245) ~[mule-transport-http-3.6.1.jar:3.6.1]
	at org.mule.transport.http.HttpServerConnection.getRequestLine(HttpServerConnection.java:557) ~[mule-transport-http-3.6.1.jar:3.6.1]
	at org.mule.transport.http.HttpRequestDispatcherWork.run(HttpRequestDispatcherWork.java:67) ~[mule-transport-http-3.6.1.jar:3.6.1]
	at java.util.concurrent.ThreadPoolExecutor.runWorker(ThreadPoolExecutor.java:1145) [?:1.7.0_79]
	at java.util.concurrent.ThreadPoolExecutor$Worker.run(ThreadPoolExecutor.java:615) [?:1.7.0_79]
	at java.lang.Thread.run(Thread.java:745) [?:1.7.0_79]
